Determining if the pthread_create exist failed with the following output:
Change Dir: /home/yzchen/CODE/UAV/EDT_DOCS/parbucket/parbucket/build/CMakeFiles/CMakeTmp

Run Build Command:"/usr/bin/make" "cmTC_1b38a/fast"
/usr/bin/make -f CMakeFiles/cmTC_1b38a.dir/build.make CMakeFiles/cmTC_1b38a.dir/build
make[1]: Entering directory '/home/yzchen/CODE/UAV/EDT_DOCS/parbucket/parbucket/build/CMakeFiles/CMakeTmp'
Building C object CMakeFiles/cmTC_1b38a.dir/CheckSymbolExists.c.o
/usr/bin/cc    -fPIC    -o CMakeFiles/cmTC_1b38a.dir/CheckSymbolExists.c.o   -c /home/yzchen/CODE/UAV/EDT_DOCS/parbucket/parbucket/build/CMakeFiles/CMakeTmp/CheckSymbolExists.c
Linking C executable cmTC_1b38a
/usr/bin/cmake -E cmake_link_script CMakeFiles/cmTC_1b38a.dir/link.txt --verbose=1
/usr/bin/cc  -fPIC     CMakeFiles/cmTC_1b38a.dir/CheckSymbolExists.c.o  -o cmTC_1b38a -rdynamic 
CMakeFiles/cmTC_1b38a.dir/CheckSymbolExists.c.o: In function `main':
CheckSymbolExists.c:(.text+0x1b): undefined reference to `pthread_create'
collect2: error: ld returned 1 exit status
CMakeFiles/cmTC_1b38a.dir/build.make:97: recipe for target 'cmTC_1b38a' failed
make[1]: *** [cmTC_1b38a] Error 1
make[1]: Leaving directory '/home/yzchen/CODE/UAV/EDT_DOCS/parbucket/parbucket/build/CMakeFiles/CMakeTmp'
Makefile:126: recipe for target 'cmTC_1b38a/fast' failed
make: *** [cmTC_1b38a/fast] Error 2

File /home/yzchen/CODE/UAV/EDT_DOCS/parbucket/parbucket/build/CMakeFiles/CMakeTmp/CheckSymbolExists.c:
/* */
#include <pthread.h>

int main(int argc, char** argv)
{
  (void)argv;
#ifndef pthread_create
  return ((int*)(&pthread_create))[argc];
#else
  (void)argc;
  return 0;
#endif
}

Determining if the function pthread_create exists in the pthreads failed with the following output:
Change Dir: /home/yzchen/CODE/UAV/EDT_DOCS/parbucket/parbucket/build/CMakeFiles/CMakeTmp

Run Build Command:"/usr/bin/make" "cmTC_707dd/fast"
/usr/bin/make -f CMakeFiles/cmTC_707dd.dir/build.make CMakeFiles/cmTC_707dd.dir/build
make[1]: Entering directory '/home/yzchen/CODE/UAV/EDT_DOCS/parbucket/parbucket/build/CMakeFiles/CMakeTmp'
Building C object CMakeFiles/cmTC_707dd.dir/CheckFunctionExists.c.o
/usr/bin/cc    -fPIC -DCHECK_FUNCTION_EXISTS=pthread_create   -o CMakeFiles/cmTC_707dd.dir/CheckFunctionExists.c.o   -c /usr/share/cmake-3.5/Modules/CheckFunctionExists.c
Linking C executable cmTC_707dd
/usr/bin/cmake -E cmake_link_script CMakeFiles/cmTC_707dd.dir/link.txt --verbose=1
/usr/bin/cc  -fPIC -DCHECK_FUNCTION_EXISTS=pthread_create    CMakeFiles/cmTC_707dd.dir/CheckFunctionExists.c.o  -o cmTC_707dd -rdynamic -lpthreads 
/usr/bin/ld: cannot find -lpthreads
collect2: error: ld returned 1 exit status
CMakeFiles/cmTC_707dd.dir/build.make:97: recipe for target 'cmTC_707dd' failed
make[1]: *** [cmTC_707dd] Error 1
make[1]: Leaving directory '/home/yzchen/CODE/UAV/EDT_DOCS/parbucket/parbucket/build/CMakeFiles/CMakeTmp'
Makefile:126: recipe for target 'cmTC_707dd/fast' failed
make: *** [cmTC_707dd/fast] Error 2


